# JRE version: Java(TM) SE Runtime Environment (23.0+37) (build 23+37-2369)
# Java VM: Java HotSpot(TM) 64-Bit Server VM (23+37-2369, mixed mode, sharing, tiered, compressed oops, compressed class ptrs, g1 gc, windows-amd64)
GC Precious Log:
 CardTable entry size: 512
 Card Set container configuration: InlinePtr #cards 4 size 8 Array Of Cards #cards 16 size 48 Howl #buckets 8 coarsen threshold 3686 Howl Bitmap #cards 512 size 80 coarsen threshold 460 Card regions per heap region 1 cards per card region 4096
 CPUs: 12 total, 12 available
 Memory: 14141M
 Large Page Support: Disabled
 NUMA Support: Disabled
 Compressed Oops: Enabled (Zero based)
 Heap Region Size: 2M
 Heap Min Capacity: 8M
 Heap Initial Capacity: 222M
 Heap Max Capacity: 3536M
 Pre-touch: Disabled
 Parallel Workers: 10
 Concurrent Workers: 3
 Concurrent Refinement Workers: 10
 Periodic GC: Disabled
Heap:
 garbage-first heap   total reserved 3620864K, committed 137216K, used 113015K [0x0000000723000000, 0x0000000800000000)
  region size 2048K, 2 young (4096K), 1 survivors (2048K)
 Metaspace       used 21410K, committed 21696K, reserved 1114112K
  class space    used 2446K, committed 2560K, reserved 1048576K
GC Heap History (8 events):
Event: 3.135 GC heap before
{Heap before GC invocations=0 (full 0):
 garbage-first heap   total reserved 3620864K, committed 227328K, used 24576K [0x0000000723000000, 0x0000000800000000)
  region size 2048K, 12 young (24576K), 0 survivors (0K)
 Metaspace       used 19223K, committed 19584K, reserved 1114112K
  class space    used 2254K, committed 2432K, reserved 1048576K
}
Event: 3.140 GC heap after
{Heap after GC invocations=1 (full 0):
 garbage-first heap   total reserved 3620864K, committed 227328K, used 6703K [0x0000000723000000, 0x0000000800000000)
  region size 2048K, 2 young (4096K), 2 survivors (4096K)
 Metaspace       used 19223K, committed 19584K, reserved 1114112K
  class space    used 2254K, committed 2432K, reserved 1048576K
}
Event: 57.616 GC heap before
{Heap before GC invocations=1 (full 0):
 garbage-first heap   total reserved 3620864K, committed 227328K, used 10799K [0x0000000723000000, 0x0000000800000000)
  region size 2048K, 5 young (10240K), 2 survivors (4096K)
 Metaspace       used 21272K, committed 21504K, reserved 1114112K
  class space    used 2443K, committed 2560K, reserved 1048576K
}
Event: 57.619 GC heap after
{Heap after GC invocations=2 (full 0):
 garbage-first heap   total reserved 3620864K, committed 227328K, used 8031K [0x0000000723000000, 0x0000000800000000)
  region size 2048K, 1 young (2048K), 1 survivors (2048K)
 Metaspace       used 21272K, committed 21504K, reserved 1114112K
  class space    used 2443K, committed 2560K, reserved 1048576K
}
Event: 1807.870 GC heap before
{Heap before GC invocations=3 (full 0):
 garbage-first heap   total reserved 3620864K, committed 34816K, used 10079K [0x0000000723000000, 0x0000000800000000)
  region size 2048K, 3 young (6144K), 1 survivors (2048K)
 Metaspace       used 21334K, committed 21568K, reserved 1114112K
  class space    used 2444K, committed 2560K, reserved 1048576K
}
Event: 1807.898 GC heap after
{Heap after GC invocations=4 (full 0):
 garbage-first heap   total reserved 3620864K, committed 34816K, used 8100K [0x0000000723000000, 0x0000000800000000)
  region size 2048K, 1 young (2048K), 1 survivors (2048K)
 Metaspace       used 21334K, committed 21568K, reserved 1114112K
  class space    used 2444K, committed 2560K, reserved 1048576K
}
Event: 1808.532 GC heap before
{Heap before GC invocations=4 (full 0):
 garbage-first heap   total reserved 3620864K, committed 67584K, used 42916K [0x0000000723000000, 0x0000000800000000)
  region size 2048K, 2 young (4096K), 1 survivors (2048K)
 Metaspace       used 21361K, committed 21632K, reserved 1114112K
  class space    used 2444K, committed 2560K, reserved 1048576K
}
Event: 1808.534 GC heap after
{Heap after GC invocations=5 (full 0):
 garbage-first heap   total reserved 3620864K, committed 67584K, used 43383K [0x0000000723000000, 0x0000000800000000)
  region size 2048K, 1 young (2048K), 1 survivors (2048K)
 Metaspace       used 21361K, committed 21632K, reserved 1114112K
  class space    used 2444K, committed 2560K, reserved 1048576K
}

